D:\PROJECT\C POINTER\MP4PARSER\DEBUG\MP4PARSER.EXE
D:\PROJECT\C POINTER\MP4PARSER\DEBUG\MP4PARSER.PDB
D:\PROJECT\C POINTER\MP4PARSER\MP4PARSER\DEBUG\ATOM.OBJ
D:\PROJECT\C POINTER\MP4PARSER\MP4PARSER\DEBUG\AVC1ATOM.OBJ
D:\PROJECT\C POINTER\MP4PARSER\MP4PARSER\DEBUG\AVCCATOM.OBJ
D:\Project\C Pointer\Mp4Parser\Mp4Parser\Debug\cl.command.1.tlog
D:\Project\C Pointer\Mp4Parser\Mp4Parser\Debug\CL.read.1.tlog
D:\Project\C Pointer\Mp4Parser\Mp4Parser\Debug\CL.write.1.tlog
D:\PROJECT\C POINTER\MP4PARSER\MP4PARSER\DEBUG\DESCRIPTOR.OBJ
D:\PROJECT\C POINTER\MP4PARSER\MP4PARSER\DEBUG\DINFATOM.OBJ
D:\PROJECT\C POINTER\MP4PARSER\MP4PARSER\DEBUG\DREFATOM.OBJ
D:\PROJECT\C POINTER\MP4PARSER\MP4PARSER\DEBUG\ESDSATOM.OBJ
D:\PROJECT\C POINTER\MP4PARSER\MP4PARSER\DEBUG\FILEREADER.OBJ
D:\PROJECT\C POINTER\MP4PARSER\MP4PARSER\DEBUG\FREEATOM.OBJ
D:\PROJECT\C POINTER\MP4PARSER\MP4PARSER\DEBUG\FTYPATOM.OBJ
D:\PROJECT\C POINTER\MP4PARSER\MP4PARSER\DEBUG\HDLRATOM.OBJ
D:\Project\C Pointer\Mp4Parser\Mp4Parser\Debug\link.command.1.tlog
D:\Project\C Pointer\Mp4Parser\Mp4Parser\Debug\link.read.1.tlog
D:\Project\C Pointer\Mp4Parser\Mp4Parser\Debug\link.write.1.tlog
D:\PROJECT\C POINTER\MP4PARSER\MP4PARSER\DEBUG\MAIN.OBJ
D:\PROJECT\C POINTER\MP4PARSER\MP4PARSER\DEBUG\MDATATOM.OBJ
D:\PROJECT\C POINTER\MP4PARSER\MP4PARSER\DEBUG\MDHDATOM.OBJ
D:\PROJECT\C POINTER\MP4PARSER\MP4PARSER\DEBUG\MDIAATOM.OBJ
D:\PROJECT\C POINTER\MP4PARSER\MP4PARSER\DEBUG\METAATOM.OBJ
D:\PROJECT\C POINTER\MP4PARSER\MP4PARSER\DEBUG\MINFATOM.OBJ
D:\PROJECT\C POINTER\MP4PARSER\MP4PARSER\DEBUG\MOOVATOM.OBJ
D:\PROJECT\C POINTER\MP4PARSER\MP4PARSER\DEBUG\MP4AATOM.OBJ
D:\PROJECT\C POINTER\MP4PARSER\MP4PARSER\DEBUG\MP4MOVIE.OBJ
D:\PROJECT\C POINTER\MP4PARSER\MP4PARSER\DEBUG\MP4PARSER.EXE.INTERMEDIATE.MANIFEST
D:\Project\C Pointer\Mp4Parser\Mp4Parser\Debug\Mp4Parser.write.1.tlog
D:\Project\C Pointer\Mp4Parser\Mp4Parser\Debug\mt.command.1.tlog
D:\Project\C Pointer\Mp4Parser\Mp4Parser\Debug\mt.read.1.tlog
D:\Project\C Pointer\Mp4Parser\Mp4Parser\Debug\mt.write.1.tlog
D:\PROJECT\C POINTER\MP4PARSER\MP4PARSER\DEBUG\MVHDATOM.OBJ
D:\PROJECT\C POINTER\MP4PARSER\MP4PARSER\DEBUG\SMHDATOM.OBJ
D:\PROJECT\C POINTER\MP4PARSER\MP4PARSER\DEBUG\STBLATOM.OBJ
D:\PROJECT\C POINTER\MP4PARSER\MP4PARSER\DEBUG\STCOATOM.OBJ
D:\PROJECT\C POINTER\MP4PARSER\MP4PARSER\DEBUG\STSCATOM.OBJ
D:\PROJECT\C POINTER\MP4PARSER\MP4PARSER\DEBUG\STSDATOM.OBJ
D:\PROJECT\C POINTER\MP4PARSER\MP4PARSER\DEBUG\STSSATOM.OBJ
D:\PROJECT\C POINTER\MP4PARSER\MP4PARSER\DEBUG\STSZATOM.OBJ
D:\PROJECT\C POINTER\MP4PARSER\MP4PARSER\DEBUG\STTSATOM.OBJ
D:\PROJECT\C POINTER\MP4PARSER\MP4PARSER\DEBUG\TKHDATOM.OBJ
D:\PROJECT\C POINTER\MP4PARSER\MP4PARSER\DEBUG\TRAKATOM.OBJ
D:\PROJECT\C POINTER\MP4PARSER\MP4PARSER\DEBUG\UDTAATOM.OBJ
D:\PROJECT\C POINTER\MP4PARSER\MP4PARSER\DEBUG\URLATOM.OBJ
D:\Project\C Pointer\Mp4Parser\Mp4Parser\Debug\vc100.idb
D:\PROJECT\C POINTER\MP4PARSER\MP4PARSER\DEBUG\VC100.PDB
D:\PROJECT\C POINTER\MP4PARSER\MP4PARSER\DEBUG\VMHDATOM.OBJ
